<!doctype html>
<html lang="">
<head>
    <meta charset="UTF-8">
    <meta name="viewport"
          content="width=device-width, user-scalable=no, initial-scale=1.0, maximum-scale=1.0, minimum-scale=1.0">
    <meta http-equiv="X-UA-Compatible" content="ie=edge">
    <title>Test Results Report - End to End Firefox</title>

    <link href="reportng.css" rel="stylesheet" type="text/css"/>
</head>
<body>
<div id="meta">
Generated by <a href="http://www.testng.org" target="_blank">TestNG</a> with <a href="https://github.com/testng-team/reportng" target="_blank">ReportNG</a>
at 10:24 MEZ on Dienstag 04 Januar 2022
    <br/><span
    id="systemInfo">TDKHIREC@CE40114&nbsp;/&nbsp;Java 15.0.1 (Oracle Corporation)&nbsp;/&nbsp;Windows 10 10.0 (amd64)</span>
</div>
<h1>End to End Firefox</h1>

<p>
    <a href="index.html">Suites</a>
        &#183; <a href="output.html">Log Output</a>
</p>

<p>Test duration
    : -1641288419,884s</p>

    <table class="resultsTable configTable">
        <tr>
            <th class="header failedConfig"
                colspan="3">Failed Configuration</th>
        </tr>
            <tr class="group">
                <td colspan="3">com.sogeti.sogeti.TestCases.AutomationSeiteTest</td>
            </tr>
    <tr>
        <td class="method">
                StartBrowser
        </td>
        <td class="duration">
            2,737s
        </td>
        <td class="result">
            <!-- Display the dependencies for skipped test methods -->

                <i>Method arguments: </i>
                <span class="arguments">
                    "ff", public void com.sogeti.sogeti.TestCases.AutomationSeiteTest.automationTest(java.lang.reflect.Method) throws java.io.IOException
                </span>
                <br/>

            <!-- Show logger output for the test -->

                <a href="javascript:toggleElement('exception-0', 'block')"
                   title="Click to expand/collapse">
                    <b>org.openqa.selenium.WebDriverException: Process unexpectedly closed with status 0<br/>
Build info: version: &apos;3.141.59&apos;, revision: &apos;e82be7d358&apos;, time: &apos;2018-11-14T08:17:03&apos;<br/>
System info: host: &apos;CE40114&apos;, ip: &apos;10.42.21.87&apos;, os.name: &apos;Windows 10&apos;, os.arch: &apos;amd64&apos;, os.version: &apos;10.0&apos;, java.version: &apos;15.0.1&apos;<br/>
Driver info: driver.version: FirefoxDriver<br/>
remote stacktrace: </b>
                </a>
                <br/>
                <div class="stackTrace" id="exception-0">
                        java.base/jdk.internal.reflect.NativeConstructorAccessorImpl.newInstance0(Native Method)<br/>
                        java.base/jdk.internal.reflect.NativeConstructorAccessorImpl.newInstance(NativeConstructorAccessorImpl.java:64)<br/>
                        java.base/jdk.internal.reflect.DelegatingConstructorAccessorImpl.newInstance(DelegatingConstructorAccessorImpl.java:45)<br/>
                        java.base/java.lang.reflect.Constructor.newInstanceWithCaller(Constructor.java:500)<br/>
                        java.base/java.lang.reflect.Constructor.newInstance(Constructor.java:481)<br/>
                        org.openqa.selenium.remote.W3CHandshakeResponse.lambda$errorHandler$0(W3CHandshakeResponse.java:62)<br/>
                        org.openqa.selenium.remote.HandshakeResponse.lambda$getResponseFunction$0(HandshakeResponse.java:30)<br/>
                        org.openqa.selenium.remote.ProtocolHandshake.lambda$createSession$0(ProtocolHandshake.java:126)<br/>
                        java.base/java.util.stream.ReferencePipeline$3$1.accept(ReferencePipeline.java:195)<br/>
                        java.base/java.util.Spliterators$ArraySpliterator.tryAdvance(Spliterators.java:958)<br/>
                        java.base/java.util.stream.ReferencePipeline.forEachWithCancel(ReferencePipeline.java:127)<br/>
                        java.base/java.util.stream.AbstractPipeline.copyIntoWithCancel(AbstractPipeline.java:502)<br/>
                        java.base/java.util.stream.AbstractPipeline.copyInto(AbstractPipeline.java:488)<br/>
                        java.base/java.util.stream.AbstractPipeline.wrapAndCopyInto(AbstractPipeline.java:474)<br/>
                        java.base/java.util.stream.FindOps$FindOp.evaluateSequential(FindOps.java:150)<br/>
                        java.base/java.util.stream.AbstractPipeline.evaluate(AbstractPipeline.java:234)<br/>
                        java.base/java.util.stream.ReferencePipeline.findFirst(ReferencePipeline.java:543)<br/>
                        org.openqa.selenium.remote.ProtocolHandshake.createSession(ProtocolHandshake.java:128)<br/>
                        org.openqa.selenium.remote.ProtocolHandshake.createSession(ProtocolHandshake.java:74)<br/>
                        org.openqa.selenium.remote.HttpCommandExecutor.execute(HttpCommandExecutor.java:136)<br/>
                        org.openqa.selenium.remote.service.DriverCommandExecutor.execute(DriverCommandExecutor.java:83)<br/>
                        org.openqa.selenium.remote.RemoteWebDriver.execute(RemoteWebDriver.java:552)<br/>
                        org.openqa.selenium.remote.RemoteWebDriver.startSession(RemoteWebDriver.java:213)<br/>
                        org.openqa.selenium.remote.RemoteWebDriver.&lt;init&gt;(RemoteWebDriver.java:131)<br/>
                        org.openqa.selenium.firefox.FirefoxDriver.&lt;init&gt;(FirefoxDriver.java:147)<br/>
                        org.openqa.selenium.firefox.FirefoxDriver.&lt;init&gt;(FirefoxDriver.java:125)<br/>
                        com.sogeti.sogeti.base.Base.SetUp(Base.java:39)<br/>
                        com.sogeti.sogeti.TestCases.AutomationSeiteTest.StartBrowser(AutomationSeiteTest.java:36)<br/>
                        java.base/jdk.internal.reflect.NativeMethodAccessorImpl.invoke0(Native Method)<br/>
                        java.base/jdk.internal.reflect.NativeMethodAccessorImpl.invoke(NativeMethodAccessorImpl.java:64)<br/>
                        java.base/jdk.internal.reflect.DelegatingMethodAccessorImpl.invoke(DelegatingMethodAccessorImpl.java:43)<br/>
                        java.base/java.lang.reflect.Method.invoke(Method.java:564)<br/>
                        org.testng.internal.MethodInvocationHelper.invokeMethod(MethodInvocationHelper.java:132)<br/>
                        org.testng.internal.MethodInvocationHelper.invokeMethodConsideringTimeout(MethodInvocationHelper.java:61)<br/>
                        org.testng.internal.ConfigInvoker.invokeConfigurationMethod(ConfigInvoker.java:366)<br/>
                        org.testng.internal.ConfigInvoker.invokeConfigurations(ConfigInvoker.java:320)<br/>
                        org.testng.internal.TestInvoker.runConfigMethods(TestInvoker.java:701)<br/>
                        org.testng.internal.TestInvoker.invokeMethod(TestInvoker.java:527)<br/>
                        org.testng.internal.TestInvoker.invokeTestMethod(TestInvoker.java:174)<br/>
                        org.testng.internal.MethodRunner.runInSequence(MethodRunner.java:46)<br/>
                        org.testng.internal.TestInvoker$MethodInvocationAgent.invoke(TestInvoker.java:822)<br/>
                        org.testng.internal.TestInvoker.invokeTestMethods(TestInvoker.java:147)<br/>
                        org.testng.internal.TestMethodWorker.invokeTestMethods(TestMethodWorker.java:146)<br/>
                        org.testng.internal.TestMethodWorker.run(TestMethodWorker.java:128)<br/>
                        java.base/java.util.ArrayList.forEach(ArrayList.java:1511)<br/>
                        org.testng.TestRunner.privateRun(TestRunner.java:764)<br/>
                        org.testng.TestRunner.run(TestRunner.java:585)<br/>
                        org.testng.SuiteRunner.runTest(SuiteRunner.java:384)<br/>
                        org.testng.SuiteRunner.runSequentially(SuiteRunner.java:378)<br/>
                        org.testng.SuiteRunner.privateRun(SuiteRunner.java:337)<br/>
                        org.testng.SuiteRunner.run(SuiteRunner.java:286)<br/>
                        org.testng.SuiteRunnerWorker.runSuite(SuiteRunnerWorker.java:53)<br/>
                        org.testng.SuiteRunnerWorker.run(SuiteRunnerWorker.java:96)<br/>
                        org.testng.TestNG.runSuitesSequentially(TestNG.java:1218)<br/>
                        org.testng.TestNG.runSuitesLocally(TestNG.java:1140)<br/>
                        org.testng.TestNG.runSuites(TestNG.java:1069)<br/>
                        org.testng.TestNG.run(TestNG.java:1037)<br/>
                        com.intellij.rt.testng.IDEARemoteTestNG.run(IDEARemoteTestNG.java:66)<br/>
                        com.intellij.rt.testng.RemoteTestNGStarter.main(RemoteTestNGStarter.java:109)<br/>
                </div>
        </td>
    </tr>

            <tr>
                <td colspan="3">&nbsp;</td>
            </tr>
            <tr>
                <td colspan="3"
                    class="header skippedConfig">Skipped Configuration</td>
            </tr>
                <tr class="group">
                    <td colspan="3">com.sogeti.sogeti.TestCases.AutomationSeiteTest</td>
                </tr>
    <tr>
        <td class="method">
                close
        </td>
        <td class="duration">
            -1641288470,478s
        </td>
        <td class="result">
            <!-- Display the dependencies for skipped test methods -->




            <!-- Show logger output for the test -->

        </td>
    </tr>
    </table>

    <table class="resultsTable">
        <tr>
            <th colspan="3" class="header failed">Failed Tests</th>
        </tr>
            <tr>
                <td class="group" colspan="3">com.sogeti.sogeti.TestCases.CountryTest</td>
            </tr>
    <tr>
        <td class="method">
                AllCountry
        </td>
        <td class="duration">
            25,929s
        </td>
        <td class="result">
            <!-- Display the dependencies for skipped test methods -->

                <i>Method arguments: </i>
                <span class="arguments">
                    public void com.sogeti.sogeti.TestCases.CountryTest.AllCountry(java.lang.reflect.Method) throws java.io.IOException,java.lang.InterruptedException
                </span>
                <br/>

            <!-- Show logger output for the test -->

                <a href="javascript:toggleElement('exception-1', 'block')"
                   title="Click to expand/collapse">
                    <b>java.lang.AssertionError: <br/>
 Test failed <br/>
</b>
                </a>
                <br/>
                <div class="stackTrace" id="exception-1">
                        org.junit.Assert.fail(Assert.java:88)<br/>
                        com.sogeti.sogeti.TestCases.CountryTest.AllCountry(CountryTest.java:119)<br/>
                        java.base/jdk.internal.reflect.NativeMethodAccessorImpl.invoke0(Native Method)<br/>
                        java.base/jdk.internal.reflect.NativeMethodAccessorImpl.invoke(NativeMethodAccessorImpl.java:64)<br/>
                        java.base/jdk.internal.reflect.DelegatingMethodAccessorImpl.invoke(DelegatingMethodAccessorImpl.java:43)<br/>
                        java.base/java.lang.reflect.Method.invoke(Method.java:564)<br/>
                        org.testng.internal.MethodInvocationHelper.invokeMethod(MethodInvocationHelper.java:132)<br/>
                        org.testng.internal.TestInvoker.invokeMethod(TestInvoker.java:599)<br/>
                        org.testng.internal.TestInvoker.invokeTestMethod(TestInvoker.java:174)<br/>
                        org.testng.internal.MethodRunner.runInSequence(MethodRunner.java:46)<br/>
                        org.testng.internal.TestInvoker$MethodInvocationAgent.invoke(TestInvoker.java:822)<br/>
                        org.testng.internal.TestInvoker.invokeTestMethods(TestInvoker.java:147)<br/>
                        org.testng.internal.TestMethodWorker.invokeTestMethods(TestMethodWorker.java:146)<br/>
                        org.testng.internal.TestMethodWorker.run(TestMethodWorker.java:128)<br/>
                        java.base/java.util.ArrayList.forEach(ArrayList.java:1511)<br/>
                        org.testng.TestRunner.privateRun(TestRunner.java:764)<br/>
                        org.testng.TestRunner.run(TestRunner.java:585)<br/>
                        org.testng.SuiteRunner.runTest(SuiteRunner.java:384)<br/>
                        org.testng.SuiteRunner.runSequentially(SuiteRunner.java:378)<br/>
                        org.testng.SuiteRunner.privateRun(SuiteRunner.java:337)<br/>
                        org.testng.SuiteRunner.run(SuiteRunner.java:286)<br/>
                        org.testng.SuiteRunnerWorker.runSuite(SuiteRunnerWorker.java:53)<br/>
                        org.testng.SuiteRunnerWorker.run(SuiteRunnerWorker.java:96)<br/>
                        org.testng.TestNG.runSuitesSequentially(TestNG.java:1218)<br/>
                        org.testng.TestNG.runSuitesLocally(TestNG.java:1140)<br/>
                        org.testng.TestNG.runSuites(TestNG.java:1069)<br/>
                        org.testng.TestNG.run(TestNG.java:1037)<br/>
                        com.intellij.rt.testng.IDEARemoteTestNG.run(IDEARemoteTestNG.java:66)<br/>
                        com.intellij.rt.testng.RemoteTestNGStarter.main(RemoteTestNGStarter.java:109)<br/>
                </div>
        </td>
    </tr>
    </table>

    <table class="resultsTable" width="100%">
        <tr>
            <th colspan="3" class="header skipped">Skipped Tests</th>
        </tr>
            <tr>
                <td class="group" colspan="3">com.sogeti.sogeti.TestCases.AutomationSeiteTest</td>
            </tr>
    <tr>
        <td class="method">
                automationTest
        </td>
        <td class="duration">
            0,000s
        </td>
        <td class="result">
            <!-- Display the dependencies for skipped test methods -->



                <i>Method arguments: </i>
                <span class="arguments">
                    public void com.sogeti.sogeti.TestCases.AutomationSeiteTest.automationTest(java.lang.reflect.Method) throws java.io.IOException
                </span>
                <br/>

            <!-- Show logger output for the test -->

        </td>
    </tr>
    </table>


<script type="text/javascript" src="reportng.js"></script>
</body>
